C:\PROGRAM FILES\OPENFRAMEWORKS\OF_V0.8.3_VS_RELEASE\APPS\MYAPPS\KINECTBLOBTRACKING\OBJ\DEBUG\USB_LIBUSB10.OBJ
C:\PROGRAM FILES\OPENFRAMEWORKS\OF_V0.8.3_VS_RELEASE\APPS\MYAPPS\KINECTBLOBTRACKING\OBJ\DEBUG\OFXCVCOLORIMAGE.OBJ
C:\PROGRAM FILES\OPENFRAMEWORKS\OF_V0.8.3_VS_RELEASE\APPS\MYAPPS\KINECTBLOBTRACKING\OBJ\DEBUG\OFXCVCONTOURFINDER.OBJ
C:\PROGRAM FILES\OPENFRAMEWORKS\OF_V0.8.3_VS_RELEASE\APPS\MYAPPS\KINECTBLOBTRACKING\OBJ\DEBUG\OFXCVFLOATIMAGE.OBJ
C:\PROGRAM FILES\OPENFRAMEWORKS\OF_V0.8.3_VS_RELEASE\APPS\MYAPPS\KINECTBLOBTRACKING\OBJ\DEBUG\OFXCVGRAYSCALEIMAGE.OBJ
C:\PROGRAM FILES\OPENFRAMEWORKS\OF_V0.8.3_VS_RELEASE\APPS\MYAPPS\KINECTBLOBTRACKING\OBJ\DEBUG\OFXCVHAARFINDER.OBJ
C:\PROGRAM FILES\OPENFRAMEWORKS\OF_V0.8.3_VS_RELEASE\APPS\MYAPPS\KINECTBLOBTRACKING\OBJ\DEBUG\OFXCVIMAGE.OBJ
C:\PROGRAM FILES\OPENFRAMEWORKS\OF_V0.8.3_VS_RELEASE\APPS\MYAPPS\KINECTBLOBTRACKING\OBJ\DEBUG\OFXCVSHORTIMAGE.OBJ
C:\PROGRAM FILES\OPENFRAMEWORKS\OF_V0.8.3_VS_RELEASE\APPS\MYAPPS\KINECTBLOBTRACKING\OBJ\DEBUG\ETF.OBJ
C:\PROGRAM FILES\OPENFRAMEWORKS\OF_V0.8.3_VS_RELEASE\APPS\MYAPPS\KINECTBLOBTRACKING\OBJ\DEBUG\FDOG.OBJ
C:\PROGRAM FILES\OPENFRAMEWORKS\OF_V0.8.3_VS_RELEASE\APPS\MYAPPS\KINECTBLOBTRACKING\OBJ\DEBUG\CALIBRATION.OBJ
C:\PROGRAM FILES\OPENFRAMEWORKS\OF_V0.8.3_VS_RELEASE\APPS\MYAPPS\KINECTBLOBTRACKING\OBJ\DEBUG\CONTOURFINDER.OBJ
C:\PROGRAM FILES\OPENFRAMEWORKS\OF_V0.8.3_VS_RELEASE\APPS\MYAPPS\KINECTBLOBTRACKING\OBJ\DEBUG\DISTANCE.OBJ
C:\PROGRAM FILES\OPENFRAMEWORKS\OF_V0.8.3_VS_RELEASE\APPS\MYAPPS\KINECTBLOBTRACKING\OBJ\DEBUG\FLOW.OBJ
C:\PROGRAM FILES\OPENFRAMEWORKS\OF_V0.8.3_VS_RELEASE\APPS\MYAPPS\KINECTBLOBTRACKING\OBJ\DEBUG\HELPERS.OBJ
C:\PROGRAM FILES\OPENFRAMEWORKS\OF_V0.8.3_VS_RELEASE\APPS\MYAPPS\KINECTBLOBTRACKING\OBJ\DEBUG\OBJECTFINDER.OBJ
C:\PROGRAM FILES\OPENFRAMEWORKS\OF_V0.8.3_VS_RELEASE\APPS\MYAPPS\KINECTBLOBTRACKING\OBJ\DEBUG\RUNNINGBACKGROUND.OBJ
C:\PROGRAM FILES\OPENFRAMEWORKS\OF_V0.8.3_VS_RELEASE\APPS\MYAPPS\KINECTBLOBTRACKING\OBJ\DEBUG\TRACKER.OBJ
C:\PROGRAM FILES\OPENFRAMEWORKS\OF_V0.8.3_VS_RELEASE\APPS\MYAPPS\KINECTBLOBTRACKING\OBJ\DEBUG\UTILITIES.OBJ
C:\PROGRAM FILES\OPENFRAMEWORKS\OF_V0.8.3_VS_RELEASE\APPS\MYAPPS\KINECTBLOBTRACKING\OBJ\DEBUG\WRAPPERS.OBJ
C:\PROGRAM FILES\OPENFRAMEWORKS\OF_V0.8.3_VS_RELEASE\APPS\MYAPPS\KINECTBLOBTRACKING\OBJ\DEBUG\MAIN.OBJ
C:\PROGRAM FILES\OPENFRAMEWORKS\OF_V0.8.3_VS_RELEASE\APPS\MYAPPS\KINECTBLOBTRACKING\OBJ\DEBUG\OFAPP.OBJ
C:\PROGRAM FILES\OPENFRAMEWORKS\OF_V0.8.3_VS_RELEASE\APPS\MYAPPS\KINECTBLOBTRACKING\OBJ\DEBUG\OFXKINECTEXTRAS.OBJ
C:\PROGRAM FILES\OPENFRAMEWORKS\OF_V0.8.3_VS_RELEASE\APPS\MYAPPS\KINECTBLOBTRACKING\OBJ\DEBUG\OFXKINECT.OBJ
C:\PROGRAM FILES\OPENFRAMEWORKS\OF_V0.8.3_VS_RELEASE\APPS\MYAPPS\KINECTBLOBTRACKING\OBJ\DEBUG\FAILGUARD.OBJ
C:\PROGRAM FILES\OPENFRAMEWORKS\OF_V0.8.3_VS_RELEASE\APPS\MYAPPS\KINECTBLOBTRACKING\OBJ\DEBUG\LIBUSBEMU.OBJ
C:\PROGRAM FILES\OPENFRAMEWORKS\OF_V0.8.3_VS_RELEASE\APPS\MYAPPS\KINECTBLOBTRACKING\OBJ\DEBUG\AUDIO.OBJ
C:\PROGRAM FILES\OPENFRAMEWORKS\OF_V0.8.3_VS_RELEASE\APPS\MYAPPS\KINECTBLOBTRACKING\OBJ\DEBUG\CAMERAS.OBJ
C:\PROGRAM FILES\OPENFRAMEWORKS\OF_V0.8.3_VS_RELEASE\APPS\MYAPPS\KINECTBLOBTRACKING\OBJ\DEBUG\CORE.OBJ
C:\PROGRAM FILES\OPENFRAMEWORKS\OF_V0.8.3_VS_RELEASE\APPS\MYAPPS\KINECTBLOBTRACKING\OBJ\DEBUG\FLAGS.OBJ
C:\PROGRAM FILES\OPENFRAMEWORKS\OF_V0.8.3_VS_RELEASE\APPS\MYAPPS\KINECTBLOBTRACKING\OBJ\DEBUG\KEEP_ALIVE.OBJ
C:\PROGRAM FILES\OPENFRAMEWORKS\OF_V0.8.3_VS_RELEASE\APPS\MYAPPS\KINECTBLOBTRACKING\OBJ\DEBUG\LOADER.OBJ
C:\PROGRAM FILES\OPENFRAMEWORKS\OF_V0.8.3_VS_RELEASE\APPS\MYAPPS\KINECTBLOBTRACKING\OBJ\DEBUG\REGISTRATION.OBJ
C:\PROGRAM FILES\OPENFRAMEWORKS\OF_V0.8.3_VS_RELEASE\APPS\MYAPPS\KINECTBLOBTRACKING\OBJ\DEBUG\TILT.OBJ
C:\PROGRAM FILES\OPENFRAMEWORKS\OF_V0.8.3_VS_RELEASE\APPS\MYAPPS\KINECTBLOBTRACKING\OBJ\DEBUG\VC110.PDB
C:\PROGRAM FILES\OPENFRAMEWORKS\OF_V0.8.3_VS_RELEASE\APPS\MYAPPS\KINECTBLOBTRACKING\OBJ\DEBUG\BALL.OBJ
c:\Program Files\OpenFrameworks\of_v0.8.3_vs_release\apps\myApps\KinectBlobTracking\bin\KinectBlobTracking_debug.lib
c:\Program Files\OpenFrameworks\of_v0.8.3_vs_release\apps\myApps\KinectBlobTracking\bin\KinectBlobTracking_debug.exp
C:\PROGRAM FILES\OPENFRAMEWORKS\OF_V0.8.3_VS_RELEASE\APPS\MYAPPS\KINECTBLOBTRACKING\BIN\KINECTBLOBTRACKING_DEBUG.ILK
C:\PROGRAM FILES\OPENFRAMEWORKS\OF_V0.8.3_VS_RELEASE\APPS\MYAPPS\KINECTBLOBTRACKING\BIN\KINECTBLOBTRACKING_DEBUG.EXE
C:\PROGRAM FILES\OPENFRAMEWORKS\OF_V0.8.3_VS_RELEASE\APPS\MYAPPS\KINECTBLOBTRACKING\BIN\KINECTBLOBTRACKING_DEBUG.PDB
C:\PROGRAM FILES\OPENFRAMEWORKS\OF_V0.8.3_VS_RELEASE\APPS\MYAPPS\KINECTBLOBTRACKING\OBJ\DEBUG\ICON.RES
c:\Program Files\OpenFrameworks\of_v0.8.3_vs_release\apps\myApps\KinectBlobTracking\obj\Debug\KinectBlobTracking.vcxprojResolveAssemblyReference.cache
c:\Program Files\OpenFrameworks\of_v0.8.3_vs_release\apps\myApps\KinectBlobTracking\obj\Debug\audio.obj
c:\Program Files\OpenFrameworks\of_v0.8.3_vs_release\apps\myApps\KinectBlobTracking\obj\Debug\Ball.obj
c:\Program Files\OpenFrameworks\of_v0.8.3_vs_release\apps\myApps\KinectBlobTracking\obj\Debug\Calibration.obj
c:\Program Files\OpenFrameworks\of_v0.8.3_vs_release\apps\myApps\KinectBlobTracking\obj\Debug\cameras.obj
c:\Program Files\OpenFrameworks\of_v0.8.3_vs_release\apps\myApps\KinectBlobTracking\obj\Debug\ContourFinder.obj
c:\Program Files\OpenFrameworks\of_v0.8.3_vs_release\apps\myApps\KinectBlobTracking\obj\Debug\core.obj
c:\Program Files\OpenFrameworks\of_v0.8.3_vs_release\apps\myApps\KinectBlobTracking\obj\Debug\Distance.obj
c:\Program Files\OpenFrameworks\of_v0.8.3_vs_release\apps\myApps\KinectBlobTracking\obj\Debug\ETF.obj
c:\Program Files\OpenFrameworks\of_v0.8.3_vs_release\apps\myApps\KinectBlobTracking\obj\Debug\failguard.obj
c:\Program Files\OpenFrameworks\of_v0.8.3_vs_release\apps\myApps\KinectBlobTracking\obj\Debug\fdog.obj
c:\Program Files\OpenFrameworks\of_v0.8.3_vs_release\apps\myApps\KinectBlobTracking\obj\Debug\flags.obj
c:\Program Files\OpenFrameworks\of_v0.8.3_vs_release\apps\myApps\KinectBlobTracking\obj\Debug\Flow.obj
c:\Program Files\OpenFrameworks\of_v0.8.3_vs_release\apps\myApps\KinectBlobTracking\obj\Debug\Helpers.obj
c:\Program Files\OpenFrameworks\of_v0.8.3_vs_release\apps\myApps\KinectBlobTracking\obj\Debug\keep_alive.obj
c:\Program Files\OpenFrameworks\of_v0.8.3_vs_release\apps\myApps\KinectBlobTracking\obj\Debug\libusbemu.obj
c:\Program Files\OpenFrameworks\of_v0.8.3_vs_release\apps\myApps\KinectBlobTracking\obj\Debug\loader.obj
c:\Program Files\OpenFrameworks\of_v0.8.3_vs_release\apps\myApps\KinectBlobTracking\obj\Debug\main.obj
c:\Program Files\OpenFrameworks\of_v0.8.3_vs_release\apps\myApps\KinectBlobTracking\obj\Debug\ObjectFinder.obj
c:\Program Files\OpenFrameworks\of_v0.8.3_vs_release\apps\myApps\KinectBlobTracking\obj\Debug\ofApp.obj
c:\Program Files\OpenFrameworks\of_v0.8.3_vs_release\apps\myApps\KinectBlobTracking\obj\Debug\ofxCvColorImage.obj
c:\Program Files\OpenFrameworks\of_v0.8.3_vs_release\apps\myApps\KinectBlobTracking\obj\Debug\ofxCvContourFinder.obj
c:\Program Files\OpenFrameworks\of_v0.8.3_vs_release\apps\myApps\KinectBlobTracking\obj\Debug\ofxCvFloatImage.obj
c:\Program Files\OpenFrameworks\of_v0.8.3_vs_release\apps\myApps\KinectBlobTracking\obj\Debug\ofxCvGrayscaleImage.obj
c:\Program Files\OpenFrameworks\of_v0.8.3_vs_release\apps\myApps\KinectBlobTracking\obj\Debug\ofxCvHaarFinder.obj
c:\Program Files\OpenFrameworks\of_v0.8.3_vs_release\apps\myApps\KinectBlobTracking\obj\Debug\ofxCvImage.obj
c:\Program Files\OpenFrameworks\of_v0.8.3_vs_release\apps\myApps\KinectBlobTracking\obj\Debug\ofxCvShortImage.obj
c:\Program Files\OpenFrameworks\of_v0.8.3_vs_release\apps\myApps\KinectBlobTracking\obj\Debug\ofxKinect.obj
c:\Program Files\OpenFrameworks\of_v0.8.3_vs_release\apps\myApps\KinectBlobTracking\obj\Debug\ofxKinectExtras.obj
c:\Program Files\OpenFrameworks\of_v0.8.3_vs_release\apps\myApps\KinectBlobTracking\obj\Debug\registration.obj
c:\Program Files\OpenFrameworks\of_v0.8.3_vs_release\apps\myApps\KinectBlobTracking\obj\Debug\RunningBackground.obj
c:\Program Files\OpenFrameworks\of_v0.8.3_vs_release\apps\myApps\KinectBlobTracking\obj\Debug\tilt.obj
c:\Program Files\OpenFrameworks\of_v0.8.3_vs_release\apps\myApps\KinectBlobTracking\obj\Debug\Tracker.obj
c:\Program Files\OpenFrameworks\of_v0.8.3_vs_release\apps\myApps\KinectBlobTracking\obj\Debug\usb_libusb10.obj
c:\Program Files\OpenFrameworks\of_v0.8.3_vs_release\apps\myApps\KinectBlobTracking\obj\Debug\Utilities.obj
c:\Program Files\OpenFrameworks\of_v0.8.3_vs_release\apps\myApps\KinectBlobTracking\obj\Debug\Wrappers.obj
c:\Program Files\OpenFrameworks\of_v0.8.3_vs_release\apps\myApps\KinectBlobTracking\obj\Debug\cl.command.1.tlog
c:\Program Files\OpenFrameworks\of_v0.8.3_vs_release\apps\myApps\KinectBlobTracking\obj\Debug\CL.read.1.tlog
c:\Program Files\OpenFrameworks\of_v0.8.3_vs_release\apps\myApps\KinectBlobTracking\obj\Debug\CL.write.1.tlog
c:\Program Files\OpenFrameworks\of_v0.8.3_vs_release\apps\myApps\KinectBlobTracking\obj\Debug\KinectBlobTracking.write.1.tlog
c:\Program Files\OpenFrameworks\of_v0.8.3_vs_release\apps\myApps\KinectBlobTracking\obj\Debug\link-cvtres.read.1.tlog
c:\Program Files\OpenFrameworks\of_v0.8.3_vs_release\apps\myApps\KinectBlobTracking\obj\Debug\link-cvtres.write.1.tlog
c:\Program Files\OpenFrameworks\of_v0.8.3_vs_release\apps\myApps\KinectBlobTracking\obj\Debug\link-rc.read.1.tlog
c:\Program Files\OpenFrameworks\of_v0.8.3_vs_release\apps\myApps\KinectBlobTracking\obj\Debug\link-rc.write.1.tlog
c:\Program Files\OpenFrameworks\of_v0.8.3_vs_release\apps\myApps\KinectBlobTracking\obj\Debug\link.command.1.tlog
c:\Program Files\OpenFrameworks\of_v0.8.3_vs_release\apps\myApps\KinectBlobTracking\obj\Debug\link.read.1.tlog
c:\Program Files\OpenFrameworks\of_v0.8.3_vs_release\apps\myApps\KinectBlobTracking\obj\Debug\link.write.1.tlog
c:\Program Files\OpenFrameworks\of_v0.8.3_vs_release\apps\myApps\KinectBlobTracking\obj\Debug\rc.command.1.tlog
c:\Program Files\OpenFrameworks\of_v0.8.3_vs_release\apps\myApps\KinectBlobTracking\obj\Debug\rc.read.1.tlog
c:\Program Files\OpenFrameworks\of_v0.8.3_vs_release\apps\myApps\KinectBlobTracking\obj\Debug\rc.write.1.tlog
c:\Program Files\OpenFrameworks\of_v0.8.3_vs_release\apps\myApps\KinectBlobTracking\obj\Debug\icon.res
c:\Program Files\OpenFrameworks\of_v0.8.3_vs_release\apps\myApps\KinectBlobTracking\obj\Debug\vc110.idb
c:\Program Files\OpenFrameworks\of_v0.8.3_vs_release\apps\myApps\KinectBlobTracking\obj\Debug\vc110.pdb
c:\Program Files\OpenFrameworks\of_v0.8.3_vs_release\apps\myApps\KinectBlobTracking\bin\KinectBlobTracking_debug.exe
